INFO 2025-11-14 16:57:32,131 autoreload 23360 22740 Watching for file changes with StatReloader
WARNING 2025-11-14 16:57:53,269 log 23360 12212 Not Found: /api/accounts/
WARNING 2025-11-14 16:57:53,269 basehttp 23360 12212 "GET /api/accounts/ HTTP/1.1" 404 3611
WARNING 2025-11-14 16:58:39,325 log 23360 12212 Not Found: /api/admin/
WARNING 2025-11-14 16:58:39,327 basehttp 23360 12212 "GET /api/admin/ HTTP/1.1" 404 2682
WARNING 2025-11-14 16:58:39,404 log 23360 12212 Not Found: /favicon.ico
WARNING 2025-11-14 16:58:39,405 basehttp 23360 12212 "GET /favicon.ico HTTP/1.1" 404 2685
INFO 2025-11-14 16:59:18,949 basehttp 23360 12212 "GET /admin/ HTTP/1.1" 200 5539
INFO 2025-11-14 16:59:19,506 basehttp 23360 7872 "GET /static/admin/css/dark_mode.css HTTP/1.1" 200 2808
INFO 2025-11-14 16:59:19,508 basehttp 23360 12212 "GET /static/admin/css/base.css HTTP/1.1" 200 22120
INFO 2025-11-14 16:59:19,516 basehttp 23360 7872 "GET /static/admin/css/responsive.css HTTP/1.1" 200 16565
INFO 2025-11-14 16:59:19,521 basehttp 23360 17580 "GET /static/admin/js/theme.js HTTP/1.1" 200 1653
INFO 2025-11-14 16:59:19,526 basehttp 23360 2268 "GET /static/admin/js/nav_sidebar.js HTTP/1.1" 200 3063
INFO 2025-11-14 16:59:19,536 basehttp 23360 6292 "GET /static/admin/css/nav_sidebar.css HTTP/1.1" 200 2810
INFO 2025-11-14 16:59:19,538 basehttp 23360 13392 "GET /static/admin/css/dashboard.css HTTP/1.1" 200 441
INFO 2025-11-14 16:59:19,551 basehttp 23360 7872 "GET /static/admin/img/icon-addlink.svg HTTP/1.1" 200 331
INFO 2025-11-14 16:59:19,554 basehttp 23360 2268 "GET /static/admin/img/icon-changelink.svg HTTP/1.1" 200 380
WARNING 2025-11-14 16:59:19,566 log 23360 7872 Not Found: /favicon.ico
WARNING 2025-11-14 16:59:19,567 basehttp 23360 7872 "GET /favicon.ico HTTP/1.1" 404 2685
INFO 2025-11-14 17:01:10,464 basehttp 23360 20676 "GET /admin/ HTTP/1.1" 302 0
WARNING 2025-11-14 17:01:20,981 log 23360 16204 Method Not Allowed: /api/accounts/register/
WARNING 2025-11-14 17:01:20,982 basehttp 23360 16204 "GET /api/accounts/register/ HTTP/1.1" 405 9316
INFO 2025-11-14 17:01:21,067 basehttp 23360 16984 "GET /static/rest_framework/css/prettify.css HTTP/1.1" 200 817
INFO 2025-11-14 17:01:21,071 basehttp 23360 16204 "GET /static/rest_framework/css/bootstrap.min.css HTTP/1.1" 200 121457
INFO 2025-11-14 17:01:21,074 basehttp 23360 10244 "GET /static/rest_framework/css/default.css HTTP/1.1" 200 1152
INFO 2025-11-14 17:01:21,080 basehttp 23360 18160 "GET /static/rest_framework/css/bootstrap-tweaks.css HTTP/1.1" 200 3426
INFO 2025-11-14 17:01:21,138 basehttp 23360 16984 "GET /static/rest_framework/js/csrf.js HTTP/1.1" 200 1793
INFO 2025-11-14 17:01:21,140 basehttp 23360 18160 "GET /static/rest_framework/js/default.js HTTP/1.1" 200 1268
INFO 2025-11-14 17:01:21,169 basehttp 23360 10244 "GET /static/rest_framework/js/prettify-min.js HTTP/1.1" 200 13632
INFO 2025-11-14 17:01:21,183 basehttp 23360 16204 "GET /static/rest_framework/js/bootstrap.min.js HTTP/1.1" 200 39680
INFO 2025-11-14 17:01:21,201 basehttp 23360 20048 "GET /static/rest_framework/js/ajax-form.js HTTP/1.1" 200 3796
INFO 2025-11-14 17:01:21,208 basehttp 23360 16984 "GET /static/rest_framework/js/load-ajax-form.js HTTP/1.1" 200 59
INFO 2025-11-14 17:01:21,223 basehttp 23360 16412 "GET /static/rest_framework/js/jquery-3.7.1.min.js HTTP/1.1" 200 87533
INFO 2025-11-14 17:01:21,229 basehttp 23360 10244 "GET /static/rest_framework/img/grid.png HTTP/1.1" 200 1458
WARNING 2025-11-14 17:01:40,944 log 23360 16204 Method Not Allowed: /api/payments/initiate/
WARNING 2025-11-14 17:01:40,945 basehttp 23360 16204 "GET /api/payments/initiate/ HTTP/1.1" 405 9335
INFO 2025-11-14 17:01:41,009 basehttp 23360 10244 "GET /static/rest_framework/css/bootstrap-tweaks.css HTTP/1.1" 200 3426
INFO 2025-11-14 17:01:41,012 basehttp 23360 20048 "GET /static/rest_framework/css/prettify.css HTTP/1.1" 200 817
INFO 2025-11-14 17:01:41,016 basehttp 23360 16204 "GET /static/rest_framework/js/ajax-form.js HTTP/1.1" 200 3796
INFO 2025-11-14 17:01:41,018 basehttp 23360 16984 "GET /static/rest_framework/js/jquery-3.7.1.min.js HTTP/1.1" 200 87533
INFO 2025-11-14 17:01:41,018 basehttp 23360 18160 "GET /static/rest_framework/css/default.css HTTP/1.1" 200 1152
INFO 2025-11-14 17:01:41,031 basehttp 23360 10244 "GET /static/rest_framework/js/csrf.js HTTP/1.1" 200 1793
INFO 2025-11-14 17:01:41,034 basehttp 23360 16412 "GET /static/rest_framework/css/bootstrap.min.css HTTP/1.1" 200 121457
INFO 2025-11-14 17:01:41,036 basehttp 23360 16204 "GET /static/rest_framework/js/default.js HTTP/1.1" 200 1268
INFO 2025-11-14 17:01:41,036 basehttp 23360 16984 "GET /static/rest_framework/js/load-ajax-form.js HTTP/1.1" 200 59
INFO 2025-11-14 17:01:41,037 basehttp 23360 20048 "GET /static/rest_framework/js/bootstrap.min.js HTTP/1.1" 200 39680
INFO 2025-11-14 17:01:41,038 basehttp 23360 18160 "GET /static/rest_framework/js/prettify-min.js HTTP/1.1" 200 13632
INFO 2025-11-14 17:01:41,088 basehttp 23360 16412 "GET /static/rest_framework/img/grid.png HTTP/1.1" 200 1458
WARNING 2025-11-14 17:01:41,123 log 23360 16412 Not Found: /favicon.ico
WARNING 2025-11-14 17:01:41,124 basehttp 23360 16412 "GET /favicon.ico HTTP/1.1" 404 2685
INFO 2025-11-14 17:02:04,744 basehttp 23360 16204 "GET /api/payments/list/ HTTP/1.1" 200 5239
INFO 2025-11-14 17:02:04,801 basehttp 23360 10244 "GET /static/rest_framework/css/default.css HTTP/1.1" 200 1152
INFO 2025-11-14 17:02:04,801 basehttp 23360 16984 "GET /static/rest_framework/css/bootstrap-tweaks.css HTTP/1.1" 200 3426
INFO 2025-11-14 17:02:04,803 basehttp 23360 20048 "GET /static/rest_framework/css/prettify.css HTTP/1.1" 200 817
INFO 2025-11-14 17:02:04,808 basehttp 23360 16412 "GET /static/rest_framework/css/bootstrap.min.css HTTP/1.1" 200 121457
INFO 2025-11-14 17:02:04,857 basehttp 23360 16412 "GET /static/rest_framework/img/grid.png HTTP/1.1" 200 1458
WARNING 2025-11-14 17:02:04,897 log 23360 16412 Not Found: /favicon.ico
WARNING 2025-11-14 17:02:04,898 basehttp 23360 16412 "GET /favicon.ico HTTP/1.1" 404 2685
WARNING 2025-11-14 17:02:28,107 log 23360 16204 Method Not Allowed: /api/payments/initiate/
WARNING 2025-11-14 17:02:28,108 basehttp 23360 16204 "GET /api/payments/initiate/ HTTP/1.1" 405 9335
INFO 2025-11-14 17:02:28,156 basehttp 23360 16984 "GET /static/rest_framework/js/ajax-form.js HTTP/1.1" 200 3796
INFO 2025-11-14 17:02:28,162 basehttp 23360 16412 "GET /static/rest_framework/js/jquery-3.7.1.min.js HTTP/1.1" 200 87533
INFO 2025-11-14 17:02:28,173 basehttp 23360 16412 "GET /static/rest_framework/js/csrf.js HTTP/1.1" 200 1793
INFO 2025-11-14 17:02:28,176 basehttp 23360 10244 "GET /static/rest_framework/js/load-ajax-form.js HTTP/1.1" 200 59
INFO 2025-11-14 17:02:28,179 basehttp 23360 16984 "GET /static/rest_framework/js/bootstrap.min.js HTTP/1.1" 200 39680
INFO 2025-11-14 17:02:28,182 basehttp 23360 18160 "GET /static/rest_framework/js/default.js HTTP/1.1" 200 1268
INFO 2025-11-14 17:02:28,183 basehttp 23360 20048 "GET /static/rest_framework/js/prettify-min.js HTTP/1.1" 200 13632
WARNING 2025-11-14 17:02:28,217 log 23360 16412 Not Found: /favicon.ico
WARNING 2025-11-14 17:02:28,218 basehttp 23360 16412 "GET /favicon.ico HTTP/1.1" 404 2685
WARNING 2025-11-14 17:02:33,856 log 23360 16204 Bad Request: /api/payments/initiate/
WARNING 2025-11-14 17:02:33,859 basehttp 23360 16204 "POST /api/payments/initiate/ HTTP/1.1" 400 9624
INFO 2025-11-14 17:02:33,912 basehttp 23360 16984 "GET /static/rest_framework/js/ajax-form.js HTTP/1.1" 200 3796
INFO 2025-11-14 17:02:33,912 basehttp 23360 20048 "GET /static/rest_framework/js/csrf.js HTTP/1.1" 200 1793
INFO 2025-11-14 17:02:33,919 basehttp 23360 18160 "GET /static/rest_framework/js/load-ajax-form.js HTTP/1.1" 200 59
INFO 2025-11-14 17:02:33,920 basehttp 23360 16412 "GET /static/rest_framework/js/jquery-3.7.1.min.js HTTP/1.1" 200 87533
INFO 2025-11-14 17:02:33,920 basehttp 23360 16984 "GET /static/rest_framework/js/prettify-min.js HTTP/1.1" 200 13632
INFO 2025-11-14 17:02:33,921 basehttp 23360 20048 "GET /static/rest_framework/js/default.js HTTP/1.1" 200 1268
INFO 2025-11-14 17:02:33,921 basehttp 23360 10244 "GET /static/rest_framework/js/bootstrap.min.js HTTP/1.1" 200 39680
WARNING 2025-11-14 17:02:33,952 log 23360 16412 Not Found: /favicon.ico
WARNING 2025-11-14 17:02:33,953 basehttp 23360 16412 "GET /favicon.ico HTTP/1.1" 404 2685
ERROR 2025-11-14 17:03:10,554 log 23360 16204 Internal Server Error: /api/payments/initiate/
Traceback (most recent call last):
  File "C:\Users\DEUK MOSE\Documents\business\backend\venv\Lib\site-packages\django\db\backends\utils.py", line 105, in _execute
    return self.cursor.execute(sql, params)
           ~~~~~~~~~~~~~~~~~~~^^^^^^^^^^^^^
psycopg2.errors.NotNullViolation: null value in column "response_data" of relation "payments_payment" violates not-null constraint
DETAIL:  Failing row contains (1, fda61a2a-27a4-4472-988e-f1659566a9af, 0728722746, 100.00, , pending, paystack, , , null, 2025-11-14 14:03:09.567914+00, 2025-11-14 14:03:09.568001+00, 1).


The above exception was the direct cause of the following exception:

Traceback (most recent call last):
  File "C:\Users\DEUK MOSE\Documents\business\backend\venv\Lib\site-packages\django\core\handlers\exception.py", line 55, in inner
    response = get_response(request)
  File "C:\Users\DEUK MOSE\Documents\business\backend\venv\Lib\site-packages\django\core\handlers\base.py", line 197, in _get_response
    response = wrapped_callback(request, *callback_args, **callback_kwargs)
  File "C:\Users\DEUK MOSE\Documents\business\backend\venv\Lib\site-packages\django\views\decorators\csrf.py", line 65, in _view_wrapper
    return view_func(request, *args, **kwargs)
  File "C:\Users\DEUK MOSE\Documents\business\backend\venv\Lib\site-packages\django\views\generic\base.py", line 105, in view
    return self.dispatch(request, *args, **kwargs)
           ~~~~~~~~~~~~~^^^^^^^^^^^^^^^^^^^^^^^^^^
  File "C:\Users\DEUK MOSE\Documents\business\backend\venv\Lib\site-packages\rest_framework\views.py", line 515, in dispatch
    response = self.handle_exception(exc)
  File "C:\Users\DEUK MOSE\Documents\business\backend\venv\Lib\site-packages\rest_framework\views.py", line 475, in handle_exception
    self.raise_uncaught_exception(exc)
    ~~~~~~~~~~~~~~~~~~~~~~~~~~~~~^^^^^
  File "C:\Users\DEUK MOSE\Documents\business\backend\venv\Lib\site-packages\rest_framework\views.py", line 486, in raise_uncaught_exception
    raise exc
  File "C:\Users\DEUK MOSE\Documents\business\backend\venv\Lib\site-packages\rest_framework\views.py", line 512, in dispatch
    response = handler(request, *args, **kwargs)
  File "C:\Users\DEUK MOSE\Documents\business\backend\venv\Lib\site-packages\rest_framework\generics.py", line 194, in post
    return self.create(request, *args, **kwargs)
           ~~~~~~~~~~~^^^^^^^^^^^^^^^^^^^^^^^^^^
  File "C:\Users\DEUK MOSE\Documents\business\backend\payments\views.py", line 22, in create
    payment = serializer.save(initiated_by=request.user)
  File "C:\Users\DEUK MOSE\Documents\business\backend\venv\Lib\site-packages\rest_framework\serializers.py", line 210, in save
    self.instance = self.create(validated_data)
                    ~~~~~~~~~~~^^^^^^^^^^^^^^^^
  File "C:\Users\DEUK MOSE\Documents\business\backend\payments\serializers.py", line 16, in create
    return super().create(validated_data)
           ~~~~~~~~~~~~~~^^^^^^^^^^^^^^^^
  File "C:\Users\DEUK MOSE\Documents\business\backend\venv\Lib\site-packages\rest_framework\serializers.py", line 991, in create
    instance = ModelClass._default_manager.create(**validated_data)
  File "C:\Users\DEUK MOSE\Documents\business\backend\venv\Lib\site-packages\django\db\models\manager.py", line 87, in manager_method
    return getattr(self.get_queryset(), name)(*args, **kwargs)
           ~~~~~~~~~~~~~~~~~~~~~~~~~~~~~~~~~~^^^^^^^^^^^^^^^^^
  File "C:\Users\DEUK MOSE\Documents\business\backend\venv\Lib\site-packages\django\db\models\query.py", line 665, in create
    obj.save(force_insert=True, using=self.db)
    ~~~~~~~~^^^^^^^^^^^^^^^^^^^^^^^^^^^^^^^^^^
  File "C:\Users\DEUK MOSE\Documents\business\backend\payments\models.py", line 42, in save
    super().save(*args, **kwargs)
    ~~~~~~~~~~~~^^^^^^^^^^^^^^^^^
  File "C:\Users\DEUK MOSE\Documents\business\backend\venv\Lib\site-packages\django\db\models\base.py", line 902, in save
    self.save_base(
    ~~~~~~~~~~~~~~^
        using=using,
        ^^^^^^^^^^^^
    ...<2 lines>...
        update_fields=update_fields,
        ^^^^^^^^^^^^^^^^^^^^^^^^^^^^
    )
    ^
  File "C:\Users\DEUK MOSE\Documents\business\backend\venv\Lib\site-packages\django\db\models\base.py", line 1008, in save_base
    updated = self._save_table(
        raw,
    ...<4 lines>...
        update_fields,
    )
  File "C:\Users\DEUK MOSE\Documents\business\backend\venv\Lib\site-packages\django\db\models\base.py", line 1169, in _save_table
    results = self._do_insert(
        cls._base_manager, using, fields, returning_fields, raw
    )
  File "C:\Users\DEUK MOSE\Documents\business\backend\venv\Lib\site-packages\django\db\models\base.py", line 1210, in _do_insert
    return manager._insert(
           ~~~~~~~~~~~~~~~^
        [self],
        ^^^^^^^
    ...<3 lines>...
        raw=raw,
        ^^^^^^^^
    )
    ^
  File "C:\Users\DEUK MOSE\Documents\business\backend\venv\Lib\site-packages\django\db\models\manager.py", line 87, in manager_method
    return getattr(self.get_queryset(), name)(*args, **kwargs)
           ~~~~~~~~~~~~~~~~~~~~~~~~~~~~~~~~~~^^^^^^^^^^^^^^^^^
  File "C:\Users\DEUK MOSE\Documents\business\backend\venv\Lib\site-packages\django\db\models\query.py", line 1873, in _insert
    return query.get_compiler(using=using).execute_sql(returning_fields)
           ~~~~~~~~~~~~~~~~~~~~~~~~~~~~~~~~~~~~~~~~~~~^^^^^^^^^^^^^^^^^^
  File "C:\Users\DEUK MOSE\Documents\business\backend\venv\Lib\site-packages\django\db\models\sql\compiler.py", line 1882, in execute_sql
    cursor.execute(sql, params)
    ~~~~~~~~~~~~~~^^^^^^^^^^^^^
  File "C:\Users\DEUK MOSE\Documents\business\backend\venv\Lib\site-packages\django\db\backends\utils.py", line 122, in execute
    return super().execute(sql, params)
           ~~~~~~~~~~~~~~~^^^^^^^^^^^^^
  File "C:\Users\DEUK MOSE\Documents\business\backend\venv\Lib\site-packages\django\db\backends\utils.py", line 79, in execute
    return self._execute_with_wrappers(
           ~~~~~~~~~~~~~~~~~~~~~~~~~~~^
        sql, params, many=False, executor=self._execute
        ^^^^^^^^^^^^^^^^^^^^^^^^^^^^^^^^^^^^^^^^^^^^^^^
    )
    ^
  File "C:\Users\DEUK MOSE\Documents\business\backend\venv\Lib\site-packages\django\db\backends\utils.py", line 92, in _execute_with_wrappers
    return executor(sql, params, many, context)
  File "C:\Users\DEUK MOSE\Documents\business\backend\venv\Lib\site-packages\django\db\backends\utils.py", line 100, in _execute
    with self.db.wrap_database_errors:
         ^^^^^^^^^^^^^^^^^^^^^^^^^^^^
  File "C:\Users\DEUK MOSE\Documents\business\backend\venv\Lib\site-packages\django\db\utils.py", line 91, in __exit__
    raise dj_exc_value.with_traceback(traceback) from exc_value
  File "C:\Users\DEUK MOSE\Documents\business\backend\venv\Lib\site-packages\django\db\backends\utils.py", line 105, in _execute
    return self.cursor.execute(sql, params)
           ~~~~~~~~~~~~~~~~~~~^^^^^^^^^^^^^
django.db.utils.IntegrityError: null value in column "response_data" of relation "payments_payment" violates not-null constraint
DETAIL:  Failing row contains (1, fda61a2a-27a4-4472-988e-f1659566a9af, 0728722746, 100.00, , pending, paystack, , , null, 2025-11-14 14:03:09.567914+00, 2025-11-14 14:03:09.568001+00, 1).

ERROR 2025-11-14 17:03:10,577 basehttp 23360 16204 "POST /api/payments/initiate/ HTTP/1.1" 500 224184
WARNING 2025-11-14 17:03:10,645 log 23360 16412 Not Found: /favicon.ico
WARNING 2025-11-14 17:03:10,646 basehttp 23360 16412 "GET /favicon.ico HTTP/1.1" 404 2685
INFO 2025-11-14 17:05:02,624 autoreload 23360 22740 C:\Users\DEUK MOSE\Documents\business\backend\accounts\admin.py changed, reloading.
INFO 2025-11-14 17:05:04,449 autoreload 9912 9940 Watching for file changes with StatReloader
INFO 2025-11-14 17:05:20,145 autoreload 9912 9940 C:\Users\DEUK MOSE\Documents\business\backend\payments\admin.py changed, reloading.
INFO 2025-11-14 17:05:22,071 autoreload 4548 8788 Watching for file changes with StatReloader
INFO 2025-11-14 17:05:32,524 autoreload 4548 8788 C:\Users\DEUK MOSE\Documents\business\backend\receipts\admin.py changed, reloading.
INFO 2025-11-14 17:05:34,231 autoreload 20664 2556 Watching for file changes with StatReloader
INFO 2025-11-14 17:05:45,885 basehttp 20664 8680 "GET /admin/ HTTP/1.1" 200 8788
INFO 2025-11-14 17:05:46,160 basehttp 20664 8680 "GET /static/admin/css/base.css HTTP/1.1" 200 22120
INFO 2025-11-14 17:05:46,167 basehttp 20664 8680 "GET /static/admin/css/responsive.css HTTP/1.1" 200 16565
INFO 2025-11-14 17:05:46,456 basehttp 20664 16528 "GET /static/admin/css/dark_mode.css HTTP/1.1" 200 2808
INFO 2025-11-14 17:05:46,478 basehttp 20664 17116 "GET /static/admin/css/nav_sidebar.css HTTP/1.1" 200 2810
INFO 2025-11-14 17:05:46,482 basehttp 20664 22276 "GET /static/admin/js/nav_sidebar.js HTTP/1.1" 200 3063
INFO 2025-11-14 17:05:46,486 basehttp 20664 16756 "GET /static/admin/css/dashboard.css HTTP/1.1" 200 441
INFO 2025-11-14 17:05:46,487 basehttp 20664 18504 "GET /static/admin/js/theme.js HTTP/1.1" 200 1653
INFO 2025-11-14 17:05:46,508 basehttp 20664 17116 "GET /static/admin/img/icon-changelink.svg HTTP/1.1" 200 380
INFO 2025-11-14 17:05:46,508 basehttp 20664 22276 "GET /static/admin/img/icon-addlink.svg HTTP/1.1" 200 331
WARNING 2025-11-14 17:05:46,535 log 20664 22276 Not Found: /favicon.ico
WARNING 2025-11-14 17:05:46,536 basehttp 20664 22276 "GET /favicon.ico HTTP/1.1" 404 2685
INFO 2025-11-14 17:05:55,434 basehttp 20664 8680 "GET /admin/payments/payment/ HTTP/1.1" 200 12631
INFO 2025-11-14 17:05:55,495 basehttp 20664 22276 "GET /static/admin/css/changelists.css HTTP/1.1" 200 6878
INFO 2025-11-14 17:05:55,503 basehttp 20664 16528 "GET /static/admin/js/jquery.init.js HTTP/1.1" 200 347
INFO 2025-11-14 17:05:55,503 basehttp 20664 18504 "GET /static/admin/js/filters.js HTTP/1.1" 200 978
INFO 2025-11-14 17:05:55,837 basehttp 20664 8680 "GET /static/admin/js/urlify.js HTTP/1.1" 200 7887
INFO 2025-11-14 17:05:55,842 basehttp 20664 16528 "GET /static/admin/js/core.js HTTP/1.1" 200 6208
INFO 2025-11-14 17:05:55,846 basehttp 20664 16756 "GET /static/admin/js/actions.js HTTP/1.1" 200 8076
INFO 2025-11-14 17:05:55,847 basehttp 20664 18504 "GET /static/admin/js/admin/RelatedObjectLookups.js HTTP/1.1" 200 9777
INFO 2025-11-14 17:05:55,865 basehttp 20664 8680 "GET /static/admin/js/prepopulate.js HTTP/1.1" 200 1531
INFO 2025-11-14 17:05:55,896 basehttp 20664 22276 "GET /static/admin/js/vendor/jquery/jquery.js HTTP/1.1" 200 285314
INFO 2025-11-14 17:05:56,032 basehttp 20664 16528 "GET /static/admin/js/vendor/xregexp/xregexp.js HTTP/1.1" 200 325171
INFO 2025-11-14 17:05:57,327 basehttp 20664 17116 "GET /admin/jsi18n/ HTTP/1.1" 200 3342
INFO 2025-11-14 17:05:57,340 basehttp 20664 16528 "GET /static/admin/img/search.svg HTTP/1.1" 200 458
INFO 2025-11-14 17:05:57,362 basehttp 20664 22276 "GET /static/admin/img/icon-viewlink.svg HTTP/1.1" 200 581
INFO 2025-11-14 17:05:57,363 basehttp 20664 16528 "GET /static/admin/img/tooltag-add.svg HTTP/1.1" 200 331
WARNING 2025-11-14 17:05:57,382 log 20664 16528 Not Found: /favicon.ico
WARNING 2025-11-14 17:05:57,382 basehttp 20664 16528 "GET /favicon.ico HTTP/1.1" 404 2685
INFO 2025-11-14 17:06:04,551 basehttp 20664 16528 "GET /admin/payments/payment/add/ HTTP/1.1" 200 18292
INFO 2025-11-14 17:06:04,619 basehttp 20664 22276 "GET /static/admin/css/forms.css HTTP/1.1" 200 8525
INFO 2025-11-14 17:06:04,632 basehttp 20664 18504 "GET /static/admin/js/change_form.js HTTP/1.1" 200 606
INFO 2025-11-14 17:06:04,633 basehttp 20664 16756 "GET /static/admin/js/prepopulate_init.js HTTP/1.1" 200 586
INFO 2025-11-14 17:06:04,641 basehttp 20664 22276 "GET /static/admin/css/widgets.css HTTP/1.1" 200 11973
INFO 2025-11-14 17:06:06,398 basehttp 20664 16528 "GET /admin/jsi18n/ HTTP/1.1" 200 3342
INFO 2025-11-14 17:06:06,429 basehttp 20664 22276 "GET /static/admin/img/icon-deletelink.svg HTTP/1.1" 200 392
WARNING 2025-11-14 17:06:06,507 log 20664 16528 Not Found: /favicon.ico
WARNING 2025-11-14 17:06:06,508 basehttp 20664 16528 "GET /favicon.ico HTTP/1.1" 404 2685
INFO 2025-11-14 17:06:26,682 basehttp 20664 16528 "GET /admin/receipts/receipt/ HTTP/1.1" 200 11604
INFO 2025-11-14 17:06:28,520 basehttp 20664 16528 "GET /admin/jsi18n/ HTTP/1.1" 200 3342
WARNING 2025-11-14 17:06:28,584 log 20664 16528 Not Found: /favicon.ico
WARNING 2025-11-14 17:06:28,587 basehttp 20664 16528 "GET /favicon.ico HTTP/1.1" 404 2685
INFO 2025-11-14 17:06:41,119 basehttp 20664 16528 "GET /admin/receipts/receipt/add/ HTTP/1.1" 200 15953
INFO 2025-11-14 17:06:42,959 basehttp 20664 16528 "GET /admin/jsi18n/ HTTP/1.1" 200 3342
WARNING 2025-11-14 17:06:43,048 log 20664 16528 Not Found: /favicon.ico
WARNING 2025-11-14 17:06:43,050 basehttp 20664 16528 "GET /favicon.ico HTTP/1.1" 404 2685
INFO 2025-11-14 17:07:11,971 basehttp 20664 16528 "GET /admin/accounts/customuser/1/change/?_to_field=id HTTP/1.1" 200 25931
INFO 2025-11-14 17:07:12,053 basehttp 20664 17116 "GET /static/admin/js/SelectFilter2.js HTTP/1.1" 200 15845
INFO 2025-11-14 17:07:12,055 basehttp 20664 18504 "GET /static/admin/js/admin/DateTimeShortcuts.js HTTP/1.1" 200 19319
INFO 2025-11-14 17:07:12,056 basehttp 20664 22276 "GET /static/admin/js/calendar.js HTTP/1.1" 200 9141
INFO 2025-11-14 17:07:12,059 basehttp 20664 16756 "GET /static/admin/js/SelectBox.js HTTP/1.1" 200 4530
INFO 2025-11-14 17:07:13,499 basehttp 20664 16528 "GET /admin/jsi18n/ HTTP/1.1" 200 3342
WARNING 2025-11-14 17:07:13,553 log 20664 16528 Not Found: /favicon.ico
WARNING 2025-11-14 17:07:13,554 basehttp 20664 16528 "GET /favicon.ico HTTP/1.1" 404 2685
INFO 2025-11-14 17:07:13,587 basehttp 20664 18504 "GET /static/admin/img/icon-clock.svg HTTP/1.1" 200 677
INFO 2025-11-14 17:07:13,587 basehttp 20664 22276 "GET /static/admin/img/icon-calendar.svg HTTP/1.1" 200 1086
INFO 2025-11-14 17:07:13,587 basehttp 20664 16528 "GET /static/admin/img/selector-icons.svg HTTP/1.1" 200 3291
INFO 2025-11-14 17:07:23,164 basehttp 20664 16528 "GET /admin/accounts/customuser/ HTTP/1.1" 200 14935
INFO 2025-11-14 17:07:24,673 basehttp 20664 16528 "GET /admin/jsi18n/ HTTP/1.1" 200 3342
INFO 2025-11-14 17:07:24,705 basehttp 20664 22276 "GET /static/admin/img/icon-yes.svg HTTP/1.1" 200 436
WARNING 2025-11-14 17:07:24,766 log 20664 16528 Not Found: /favicon.ico
WARNING 2025-11-14 17:07:24,768 basehttp 20664 16528 "GET /favicon.ico HTTP/1.1" 404 2685
INFO 2025-11-14 17:07:24,797 basehttp 20664 22276 "GET /static/admin/img/sorting-icons.svg HTTP/1.1" 200 1097
INFO 2025-11-14 17:17:00,352 autoreload 13668 13912 Watching for file changes with StatReloader
INFO 2025-11-14 17:17:08,555 basehttp 13668 17260 "OPTIONS /api/accounts/login/ HTTP/1.1" 200 0
WARNING 2025-11-14 17:17:08,569 log 13668 17260 Unauthorized: /api/accounts/login/
WARNING 2025-11-14 17:17:08,570 basehttp 13668 17260 "POST /api/accounts/login/ HTTP/1.1" 401 58
WARNING 2025-11-14 17:17:18,026 log 13668 17260 Unauthorized: /api/accounts/login/
WARNING 2025-11-14 17:17:18,027 basehttp 13668 17260 "POST /api/accounts/login/ HTTP/1.1" 401 58
WARNING 2025-11-14 17:17:27,086 log 13668 17260 Unauthorized: /api/accounts/login/
WARNING 2025-11-14 17:17:27,086 basehttp 13668 17260 "POST /api/accounts/login/ HTTP/1.1" 401 58
WARNING 2025-11-14 17:18:07,989 log 13668 17260 Unauthorized: /api/accounts/login/
WARNING 2025-11-14 17:18:07,991 basehttp 13668 17260 "POST /api/accounts/login/ HTTP/1.1" 401 58
INFO 2025-11-14 17:22:18,022 autoreload 2760 13664 Watching for file changes with StatReloader
WARNING 2025-11-14 17:22:43,328 log 2760 1844 Unauthorized: /api/accounts/login/
WARNING 2025-11-14 17:22:43,329 basehttp 2760 1844 "POST /api/accounts/login/ HTTP/1.1" 401 58
INFO 2025-11-14 17:24:48,048 autoreload 2760 13664 C:\Users\DEUK MOSE\Documents\business\backend\business_portal\settings.py changed, reloading.
INFO 2025-11-14 17:24:49,822 autoreload 17296 23020 Watching for file changes with StatReloader
INFO 2025-11-14 17:30:35,566 autoreload 7712 10692 Watching for file changes with StatReloader
WARNING 2025-11-14 17:30:52,471 log 7712 16424 Unauthorized: /api/accounts/login/
WARNING 2025-11-14 17:30:52,472 basehttp 7712 16424 "POST /api/accounts/login/ HTTP/1.1" 401 58
INFO 2025-11-14 17:37:03,059 autoreload 6764 3520 Watching for file changes with StatReloader
WARNING 2025-11-14 17:37:21,643 log 6764 7308 Unauthorized: /api/accounts/login/
WARNING 2025-11-14 17:37:21,644 basehttp 6764 7308 "POST /api/accounts/login/ HTTP/1.1" 401 58
WARNING 2025-11-14 17:37:28,424 log 6764 7308 Unauthorized: /api/accounts/login/
WARNING 2025-11-14 17:37:28,425 basehttp 6764 7308 "POST /api/accounts/login/ HTTP/1.1" 401 58
WARNING 2025-11-14 17:40:33,305 log 6764 8488 Unauthorized: /api/accounts/login/
WARNING 2025-11-14 17:40:33,306 basehttp 6764 8488 "POST /api/accounts/login/ HTTP/1.1" 401 58
WARNING 2025-11-14 17:40:48,728 log 6764 8488 Unauthorized: /api/accounts/login/
WARNING 2025-11-14 17:40:48,729 basehttp 6764 8488 "POST /api/accounts/login/ HTTP/1.1" 401 58
INFO 2025-11-14 17:47:48,060 autoreload 6764 3520 C:\Users\DEUK MOSE\Documents\business\backend\accounts\views.py changed, reloading.
INFO 2025-11-14 17:47:49,776 autoreload 9660 17220 Watching for file changes with StatReloader
INFO 2025-11-14 17:49:03,237 autoreload 21704 4492 Watching for file changes with StatReloader
INFO 2025-11-14 17:49:25,813 basehttp 21704 1556 "POST /api/accounts/login/ HTTP/1.1" 200 133
INFO 2025-11-14 17:49:25,903 basehttp 21704 1556 "OPTIONS /api/payments/analytics/stats/ HTTP/1.1" 200 0
INFO 2025-11-14 17:49:25,908 basehttp 21704 1476 "OPTIONS /api/payments/analytics/stats/ HTTP/1.1" 200 0
INFO 2025-11-14 17:49:28,065 basehttp 21704 1556 "GET /api/payments/analytics/stats/ HTTP/1.1" 200 108
INFO 2025-11-14 17:49:28,065 basehttp 21704 1476 "GET /api/payments/analytics/stats/ HTTP/1.1" 200 108
INFO 2025-11-14 17:49:31,526 basehttp 21704 1476 "OPTIONS /api/payments/list/ HTTP/1.1" 200 0
INFO 2025-11-14 17:49:31,529 basehttp 21704 1556 "OPTIONS /api/payments/list/ HTTP/1.1" 200 0
INFO 2025-11-14 17:49:33,288 basehttp 21704 1556 "GET /api/payments/list/ HTTP/1.1" 200 2
INFO 2025-11-14 17:49:33,288 basehttp 21704 1476 "GET /api/payments/list/ HTTP/1.1" 200 2
INFO 2025-11-14 17:50:05,097 basehttp 21704 1476 "GET /api/payments/analytics/stats/ HTTP/1.1" 200 108
INFO 2025-11-14 17:50:07,281 basehttp 21704 1476 "GET /api/payments/analytics/stats/ HTTP/1.1" 200 108
INFO 2025-11-14 17:50:14,812 basehttp 21704 1476 "GET /api/payments/list/ HTTP/1.1" 200 2
INFO 2025-11-14 17:50:16,603 basehttp 21704 1476 "GET /api/payments/list/ HTTP/1.1" 200 2
INFO 2025-11-14 17:50:41,090 basehttp 21704 1476 "OPTIONS /api/payments/initiate/ HTTP/1.1" 200 0
INFO 2025-11-14 17:50:45,095 basehttp 21704 1556 "POST /api/payments/initiate/ HTTP/1.1" 201 504
INFO 2025-11-14 17:50:49,134 basehttp 21704 1556 "GET /api/payments/list/ HTTP/1.1" 200 506
INFO 2025-11-14 17:50:49,136 basehttp 21704 1476 "GET /api/payments/list/ HTTP/1.1" 200 506
INFO 2025-11-14 17:54:09,137 basehttp 21704 3184 "POST /api/payments/initiate/ HTTP/1.1" 201 655
INFO 2025-11-14 17:54:13,251 basehttp 21704 3184 "GET /api/payments/list/ HTTP/1.1" 200 1162
INFO 2025-11-14 17:54:15,375 basehttp 21704 3184 "GET /api/payments/list/ HTTP/1.1" 200 1162
INFO 2025-11-14 17:55:02,509 basehttp 21704 3184 "POST /api/payments/initiate/ HTTP/1.1" 201 504
INFO 2025-11-14 17:55:07,119 basehttp 21704 23068 "GET /api/payments/list/ HTTP/1.1" 200 1667
INFO 2025-11-14 17:55:07,119 basehttp 21704 3184 "GET /api/payments/list/ HTTP/1.1" 200 1667
INFO 2025-11-14 18:04:05,835 basehttp 21704 10544 "GET /api/payments/list/ HTTP/1.1" 200 1667
INFO 2025-11-14 18:04:08,087 basehttp 21704 10544 "GET /api/payments/list/ HTTP/1.1" 200 1667
INFO 2025-11-14 18:04:32,355 basehttp 21704 10544 "GET /api/payments/analytics/stats/ HTTP/1.1" 200 110
INFO 2025-11-14 18:04:34,403 basehttp 21704 10544 "GET /api/payments/analytics/stats/ HTTP/1.1" 200 110
INFO 2025-11-14 18:04:50,380 basehttp 21704 10544 "POST /api/accounts/login/ HTTP/1.1" 200 133
INFO 2025-11-14 18:04:52,716 basehttp 21704 10544 "GET /api/payments/analytics/stats/ HTTP/1.1" 200 110
INFO 2025-11-14 18:04:54,828 basehttp 21704 10544 "GET /api/payments/analytics/stats/ HTTP/1.1" 200 110
INFO 2025-11-14 18:08:55,011 basehttp 21704 19956 "POST /api/accounts/login/ HTTP/1.1" 200 133
INFO 2025-11-14 18:08:57,163 basehttp 21704 19956 "GET /api/payments/analytics/stats/ HTTP/1.1" 200 110
INFO 2025-11-14 18:08:59,275 basehttp 21704 19956 "GET /api/payments/analytics/stats/ HTTP/1.1" 200 110
INFO 2025-11-14 18:11:33,675 autoreload 21704 4492 C:\Users\DEUK MOSE\Documents\business\backend\business_portal\settings.py changed, reloading.
INFO 2025-11-14 18:11:36,344 autoreload 3672 19424 Watching for file changes with StatReloader
INFO 2025-11-14 18:12:25,954 basehttp 3672 13912 "POST /api/accounts/login/ HTTP/1.1" 200 133
INFO 2025-11-14 18:12:28,105 basehttp 3672 13912 "GET /api/payments/analytics/stats/ HTTP/1.1" 200 110
INFO 2025-11-14 18:12:30,255 basehttp 3672 13912 "GET /api/payments/analytics/stats/ HTTP/1.1" 200 110
INFO 2025-11-14 18:12:47,041 basehttp 3672 13912 "POST /api/payments/initiate/ HTTP/1.1" 201 718
INFO 2025-11-14 18:12:51,555 basehttp 3672 13912 "GET /api/payments/list/ HTTP/1.1" 200 2386
INFO 2025-11-14 18:12:54,012 basehttp 3672 13912 "GET /api/payments/list/ HTTP/1.1" 200 2386
INFO 2025-11-14 18:13:26,780 basehttp 3672 13912 "GET /api/payments/list/ HTTP/1.1" 200 2386
INFO 2025-11-14 18:13:29,238 basehttp 3672 13912 "GET /api/payments/list/ HTTP/1.1" 200 2386
INFO 2025-11-14 18:21:10,380 basehttp 3672 21120 "POST /api/accounts/login/ HTTP/1.1" 200 133
INFO 2025-11-14 18:21:52,745 basehttp 3672 21120 "POST /api/accounts/login/ HTTP/1.1" 200 137
INFO 2025-11-14 18:23:57,285 basehttp 3672 1676 "GET /api/payments/list/ HTTP/1.1" 200 2
INFO 2025-11-14 18:23:58,730 basehttp 3672 1676 "GET /api/payments/list/ HTTP/1.1" 200 2
INFO 2025-11-14 18:24:17,255 basehttp 3672 1676 "GET /api/payments/analytics/stats/ HTTP/1.1" 200 110
INFO 2025-11-14 18:24:18,769 basehttp 3672 19508 "GET /api/payments/list/ HTTP/1.1" 200 2
INFO 2025-11-14 18:24:19,061 basehttp 3672 1676 "GET /api/payments/analytics/stats/ HTTP/1.1" 200 110
INFO 2025-11-14 18:24:20,560 basehttp 3672 1676 "GET /api/payments/list/ HTTP/1.1" 200 2
INFO 2025-11-14 18:24:27,205 basehttp 3672 1676 "GET /api/payments/list/ HTTP/1.1" 200 2
INFO 2025-11-14 18:24:27,216 basehttp 3672 19508 "GET /api/payments/list/ HTTP/1.1" 200 2
INFO 2025-11-14 18:24:37,359 basehttp 3672 1676 "GET /api/payments/analytics/stats/ HTTP/1.1" 200 110
INFO 2025-11-14 18:24:38,829 basehttp 3672 19508 "GET /api/payments/list/ HTTP/1.1" 200 2
INFO 2025-11-14 18:24:39,168 basehttp 3672 1676 "GET /api/payments/analytics/stats/ HTTP/1.1" 200 110
INFO 2025-11-14 18:24:40,607 basehttp 3672 1676 "GET /api/payments/list/ HTTP/1.1" 200 2
INFO 2025-11-14 18:24:53,126 basehttp 3672 19508 "GET /api/payments/list/ HTTP/1.1" 200 2
INFO 2025-11-14 18:24:53,136 basehttp 3672 1676 "GET /api/payments/list/ HTTP/1.1" 200 2
INFO 2025-11-14 18:24:58,378 basehttp 3672 1676 "GET /api/payments/analytics/stats/ HTTP/1.1" 200 110
INFO 2025-11-14 18:24:59,866 basehttp 3672 19508 "GET /api/payments/list/ HTTP/1.1" 200 2
INFO 2025-11-14 18:25:00,127 basehttp 3672 1676 "GET /api/payments/analytics/stats/ HTTP/1.1" 200 110
INFO 2025-11-14 18:25:01,600 basehttp 3672 1676 "GET /api/payments/list/ HTTP/1.1" 200 2
INFO 2025-11-14 18:25:28,235 basehttp 3672 1676 "POST /api/payments/initiate/ HTTP/1.1" 201 512
INFO 2025-11-14 18:25:31,984 basehttp 3672 19508 "GET /api/payments/list/ HTTP/1.1" 200 514
INFO 2025-11-14 18:25:31,985 basehttp 3672 1676 "GET /api/payments/list/ HTTP/1.1" 200 514
INFO 2025-11-14 18:25:36,592 basehttp 3672 1676 "GET /api/payments/analytics/stats/ HTTP/1.1" 200 110
INFO 2025-11-14 18:25:38,242 basehttp 3672 1676 "GET /api/payments/list/ HTTP/1.1" 200 514
INFO 2025-11-14 18:25:38,350 basehttp 3672 19508 "GET /api/payments/analytics/stats/ HTTP/1.1" 200 110
INFO 2025-11-14 18:25:39,963 basehttp 3672 1676 "GET /api/payments/list/ HTTP/1.1" 200 514
INFO 2025-11-14 18:25:43,943 basehttp 3672 19508 "GET /api/payments/list/ HTTP/1.1" 200 514
INFO 2025-11-14 18:25:43,943 basehttp 3672 1676 "GET /api/payments/list/ HTTP/1.1" 200 514
INFO 2025-11-14 18:25:50,253 basehttp 3672 1676 "GET /api/payments/analytics/stats/ HTTP/1.1" 200 110
INFO 2025-11-14 18:25:51,941 basehttp 3672 1676 "GET /api/payments/list/ HTTP/1.1" 200 514
INFO 2025-11-14 18:25:52,032 basehttp 3672 19508 "GET /api/payments/analytics/stats/ HTTP/1.1" 200 110
INFO 2025-11-14 18:25:53,682 basehttp 3672 1676 "GET /api/payments/list/ HTTP/1.1" 200 514
INFO 2025-11-14 18:27:12,601 basehttp 3672 19508 "GET /api/payments/list/ HTTP/1.1" 200 514
INFO 2025-11-14 18:27:14,227 basehttp 3672 1676 "GET /api/payments/list/ HTTP/1.1" 200 514
INFO 2025-11-14 18:27:22,002 basehttp 3672 19508 "GET /api/payments/analytics/stats/ HTTP/1.1" 200 110
INFO 2025-11-14 18:27:23,641 basehttp 3672 19508 "GET /api/payments/list/ HTTP/1.1" 200 514
INFO 2025-11-14 18:27:23,792 basehttp 3672 1676 "GET /api/payments/analytics/stats/ HTTP/1.1" 200 110
INFO 2025-11-14 18:27:25,415 basehttp 3672 19508 "GET /api/payments/list/ HTTP/1.1" 200 514
INFO 2025-11-14 18:27:38,711 basehttp 3672 19508 "GET /api/payments/list/ HTTP/1.1" 200 514
INFO 2025-11-14 18:27:38,775 basehttp 3672 1676 "GET /api/payments/list/ HTTP/1.1" 200 514
INFO 2025-11-14 18:29:55,247 basehttp 3672 15880 "GET /api/payments/analytics/stats/ HTTP/1.1" 200 110
INFO 2025-11-14 18:29:56,879 basehttp 3672 7000 "GET /api/payments/list/ HTTP/1.1" 200 514
INFO 2025-11-14 18:29:56,976 basehttp 3672 15880 "GET /api/payments/analytics/stats/ HTTP/1.1" 200 110
INFO 2025-11-14 18:29:58,594 basehttp 3672 7000 "GET /api/payments/list/ HTTP/1.1" 200 514
INFO 2025-11-14 18:30:41,701 basehttp 3672 7000 "GET /api/payments/list/ HTTP/1.1" 200 514
INFO 2025-11-14 18:30:43,321 basehttp 3672 7000 "GET /api/payments/list/ HTTP/1.1" 200 514
INFO 2025-11-14 18:33:30,912 basehttp 3672 9228 "GET /api/payments/list/ HTTP/1.1" 200 514
INFO 2025-11-14 18:33:49,746 basehttp 3672 9228 "GET /api/payments/list/ HTTP/1.1" 200 514
INFO 2025-11-14 18:34:23,737 basehttp 3672 9228 "GET /api/payments/list/ HTTP/1.1" 200 514
INFO 2025-11-14 18:34:23,738 basehttp 3672 1816 "GET /api/payments/list/ HTTP/1.1" 200 514
INFO 2025-11-14 18:35:29,988 basehttp 3672 9228 "GET /api/payments/analytics/stats/ HTTP/1.1" 200 110
INFO 2025-11-14 18:35:31,812 basehttp 3672 9228 "GET /api/payments/list/ HTTP/1.1" 200 514
INFO 2025-11-14 18:35:32,034 basehttp 3672 1816 "GET /api/payments/analytics/stats/ HTTP/1.1" 200 110
INFO 2025-11-14 18:35:33,984 basehttp 3672 9228 "GET /api/payments/list/ HTTP/1.1" 200 514
INFO 2025-11-14 18:35:48,002 basehttp 3672 1816 "GET /api/payments/list/ HTTP/1.1" 200 514
INFO 2025-11-14 18:35:49,709 basehttp 3672 9228 "GET /api/payments/list/ HTTP/1.1" 200 514
INFO 2025-11-14 18:36:36,811 autoreload 3672 19424 C:\Users\DEUK MOSE\Documents\business\backend\payments\serializers.py changed, reloading.
INFO 2025-11-14 18:36:37,895 autoreload 16892 22556 Watching for file changes with StatReloader
INFO 2025-11-14 18:40:04,171 basehttp 16892 7360 "GET /api/payments/list/ HTTP/1.1" 200 514
INFO 2025-11-14 18:40:13,262 basehttp 16892 7360 "GET /api/payments/analytics/stats/ HTTP/1.1" 200 110
INFO 2025-11-14 18:40:14,982 basehttp 16892 12768 "GET /api/payments/list/ HTTP/1.1" 200 514
INFO 2025-11-14 18:40:15,117 basehttp 16892 7360 "GET /api/payments/analytics/stats/ HTTP/1.1" 200 110
INFO 2025-11-14 18:40:16,753 basehttp 16892 12768 "GET /api/payments/list/ HTTP/1.1" 200 514
INFO 2025-11-14 18:40:20,152 basehttp 16892 7360 "GET /api/payments/list/ HTTP/1.1" 200 514
INFO 2025-11-14 18:40:21,788 basehttp 16892 12768 "GET /api/payments/list/ HTTP/1.1" 200 514
INFO 2025-11-14 18:47:34,857 autoreload 1912 7136 Watching for file changes with StatReloader
INFO 2025-11-14 18:47:56,287 basehttp 1912 6452 "OPTIONS /api/payments/analytics/stats/ HTTP/1.1" 200 0
INFO 2025-11-14 18:47:56,291 basehttp 1912 9952 "OPTIONS /api/payments/analytics/stats/ HTTP/1.1" 200 0
INFO 2025-11-14 18:47:58,151 basehttp 1912 15372 "GET /api/payments/analytics/stats/ HTTP/1.1" 200 110
INFO 2025-11-14 18:47:58,171 basehttp 1912 6452 "GET /api/payments/analytics/stats/ HTTP/1.1" 200 110
INFO 2025-11-14 18:47:59,851 basehttp 1912 15372 "GET /api/payments/list/ HTTP/1.1" 200 514
INFO 2025-11-14 18:48:01,490 basehttp 1912 15372 "GET /api/payments/list/ HTTP/1.1" 200 514
INFO 2025-11-14 18:48:19,806 basehttp 1912 15372 "POST /api/payments/initiate/ HTTP/1.1" 201 862
INFO 2025-11-14 18:51:03,945 basehttp 1912 18164 "GET /api/payments/analytics/stats/ HTTP/1.1" 200 110
INFO 2025-11-14 18:51:05,766 basehttp 1912 18164 "GET /api/payments/analytics/stats/ HTTP/1.1" 200 110
INFO 2025-11-14 18:51:05,830 basehttp 1912 14804 "GET /api/payments/list/ HTTP/1.1" 200 1309
INFO 2025-11-14 18:51:07,591 basehttp 1912 18164 "GET /api/payments/list/ HTTP/1.1" 200 1309
INFO 2025-11-14 18:51:10,890 basehttp 1912 14804 "GET /api/payments/list/ HTTP/1.1" 200 1309
INFO 2025-11-14 18:51:10,891 basehttp 1912 18164 "GET /api/payments/list/ HTTP/1.1" 200 1309
INFO 2025-11-14 18:52:38,225 autoreload 1912 7136 C:\Users\DEUK MOSE\Documents\business\backend\payments\services.py changed, reloading.
INFO 2025-11-14 18:52:39,300 autoreload 15844 4252 Watching for file changes with StatReloader
INFO 2025-11-14 18:55:59,801 autoreload 15844 4252 C:\Users\DEUK MOSE\Documents\business\backend\payments\urls.py changed, reloading.
INFO 2025-11-14 18:56:00,977 autoreload 18060 17740 Watching for file changes with StatReloader
INFO 2025-11-14 18:56:59,975 basehttp 18060 6668 "POST /api/payments/initiate/ HTTP/1.1" 201 512
INFO 2025-11-14 18:57:13,852 basehttp 18060 6668 "GET /api/payments/list/ HTTP/1.1" 200 1822
INFO 2025-11-14 18:57:15,876 basehttp 18060 6668 "GET /api/payments/list/ HTTP/1.1" 200 1822
INFO 2025-11-14 18:57:32,604 basehttp 18060 6668 "POST /api/payments/initiate/ HTTP/1.1" 201 862
INFO 2025-11-14 18:59:10,579 basehttp 18060 6668 "GET /api/payments/list/ HTTP/1.1" 200 2617
INFO 2025-11-14 18:59:12,767 basehttp 18060 6668 "GET /api/payments/list/ HTTP/1.1" 200 2617
INFO 2025-11-14 18:59:21,074 basehttp 18060 6668 "GET /api/payments/analytics/stats/ HTTP/1.1" 200 110
INFO 2025-11-14 18:59:22,913 basehttp 18060 6668 "GET /api/payments/analytics/stats/ HTTP/1.1" 200 110
INFO 2025-11-14 18:59:23,355 basehttp 18060 2556 "GET /api/payments/list/ HTTP/1.1" 200 2617
INFO 2025-11-14 18:59:25,135 basehttp 18060 6668 "GET /api/payments/list/ HTTP/1.1" 200 2617
INFO 2025-11-14 19:03:03,320 basehttp 18060 8648 "GET /api/payments/list/ HTTP/1.1" 200 2617
INFO 2025-11-14 19:03:05,702 basehttp 18060 8648 "GET /api/payments/list/ HTTP/1.1" 200 2617
INFO 2025-11-14 19:04:50,240 basehttp 18060 8648 "POST /api/payments/initiate/ HTTP/1.1" 201 475
INFO 2025-11-14 19:10:58,300 basehttp 18060 19816 "POST /api/payments/initiate/ HTTP/1.1" 201 515
INFO 2025-11-14 19:11:11,974 basehttp 18060 19816 "POST /api/payments/initiate/ HTTP/1.1" 201 518
INFO 2025-11-14 19:11:17,894 basehttp 18060 19816 "GET /api/payments/list/ HTTP/1.1" 200 4128
INFO 2025-11-14 19:11:20,661 basehttp 18060 19816 "GET /api/payments/list/ HTTP/1.1" 200 4128
INFO 2025-11-14 19:13:08,443 basehttp 18060 19816 "POST /api/payments/initiate/ HTTP/1.1" 201 518
INFO 2025-11-14 19:13:14,355 basehttp 18060 19816 "GET /api/payments/list/ HTTP/1.1" 200 4647
INFO 2025-11-14 19:13:17,299 basehttp 18060 19816 "GET /api/payments/list/ HTTP/1.1" 200 4647
INFO 2025-11-14 19:13:39,126 basehttp 18060 19816 "POST /api/payments/initiate/ HTTP/1.1" 201 863
INFO 2025-11-14 19:14:02,587 basehttp 18060 19816 "GET /api/payments/list/ HTTP/1.1" 200 5443
INFO 2025-11-14 19:14:05,744 basehttp 18060 19816 "GET /api/payments/list/ HTTP/1.1" 200 5443
INFO 2025-11-14 19:23:36,574 basehttp 18060 8944 "GET /api/payments/analytics/stats/ HTTP/1.1" 200 112
INFO 2025-11-14 19:23:38,411 basehttp 18060 8944 "GET /api/payments/analytics/stats/ HTTP/1.1" 200 112
INFO 2025-11-14 19:23:39,736 basehttp 18060 20304 "GET /api/payments/list/ HTTP/1.1" 200 5443
INFO 2025-11-14 19:23:41,603 basehttp 18060 8944 "GET /api/payments/list/ HTTP/1.1" 200 5443
INFO 2025-11-14 19:24:16,665 basehttp 18060 20304 "POST /api/payments/initiate/ HTTP/1.1" 201 863
INFO 2025-11-14 19:25:05,715 basehttp 18060 8944 "GET /api/payments/list/ HTTP/1.1" 200 6239
INFO 2025-11-14 19:25:09,022 basehttp 18060 8944 "GET /api/payments/list/ HTTP/1.1" 200 6239
INFO 2025-11-14 19:29:29,014 autoreload 18060 17740 C:\Users\DEUK MOSE\Documents\business\backend\receipts\views.py changed, reloading.
INFO 2025-11-14 19:29:31,520 autoreload 19300 21268 Watching for file changes with StatReloader
INFO 2025-11-14 19:36:57,150 autoreload 19300 21268 C:\Users\DEUK MOSE\Documents\business\backend\receipts\views.py changed, reloading.
INFO 2025-11-14 19:36:58,204 autoreload 4632 6000 Watching for file changes with StatReloader
INFO 2025-11-14 19:38:08,054 basehttp 4632 2444 "OPTIONS /api/payments/list/ HTTP/1.1" 200 0
INFO 2025-11-14 19:38:11,458 basehttp 4632 2444 "GET /api/payments/list/ HTTP/1.1" 200 6239
INFO 2025-11-14 19:38:14,746 basehttp 4632 2444 "GET /api/payments/list/ HTTP/1.1" 200 6239
INFO 2025-11-14 19:40:08,629 basehttp 4632 2444 "GET /api/payments/analytics/stats/ HTTP/1.1" 200 112
INFO 2025-11-14 19:40:10,567 basehttp 4632 2444 "GET /api/payments/analytics/stats/ HTTP/1.1" 200 112
INFO 2025-11-14 19:40:12,093 basehttp 4632 20236 "GET /api/payments/list/ HTTP/1.1" 200 6239
INFO 2025-11-14 19:40:13,971 basehttp 4632 2444 "GET /api/payments/list/ HTTP/1.1" 200 6239
INFO 2025-11-14 19:41:36,299 autoreload 4632 6000 C:\Users\DEUK MOSE\Documents\business\backend\receipts\services.py changed, reloading.
INFO 2025-11-14 19:41:37,391 autoreload 6080 20164 Watching for file changes with StatReloader
INFO 2025-11-14 19:41:44,524 basehttp 6080 6972 "OPTIONS /api/receipts/ HTTP/1.1" 200 0
INFO 2025-11-14 19:41:44,527 basehttp 6080 20280 "OPTIONS /api/receipts/ HTTP/1.1" 200 0
INFO 2025-11-14 19:41:46,170 basehttp 6080 6972 "GET /api/receipts/ HTTP/1.1" 200 2
INFO 2025-11-14 19:41:46,171 basehttp 6080 20280 "GET /api/receipts/ HTTP/1.1" 200 2
INFO 2025-11-14 19:42:07,308 basehttp 6080 20280 "GET /api/payments/list/ HTTP/1.1" 200 6239
INFO 2025-11-14 19:42:10,590 basehttp 6080 20280 "GET /api/payments/list/ HTTP/1.1" 200 6239
INFO 2025-11-14 20:14:57,264 basehttp 6080 19384 "OPTIONS /api/payments/analytics/stats/ HTTP/1.1" 200 0
INFO 2025-11-14 20:14:59,880 basehttp 6080 19384 "GET /api/payments/analytics/stats/ HTTP/1.1" 200 112
INFO 2025-11-14 20:14:59,906 basehttp 6080 10848 "OPTIONS /api/payments/list/ HTTP/1.1" 200 0
INFO 2025-11-14 20:15:02,133 basehttp 6080 19384 "GET /api/payments/analytics/stats/ HTTP/1.1" 200 112
INFO 2025-11-14 20:15:03,873 basehttp 6080 10848 "GET /api/payments/list/ HTTP/1.1" 200 6239
INFO 2025-11-14 20:15:06,741 basehttp 6080 19384 "GET /api/payments/list/ HTTP/1.1" 200 6239
INFO 2025-11-14 20:15:56,815 basehttp 6080 10848 "GET /api/payments/list/ HTTP/1.1" 200 6239
INFO 2025-11-14 20:16:01,120 basehttp 6080 19384 "GET /api/payments/list/ HTTP/1.1" 200 6239
INFO 2025-11-14 20:17:45,388 autoreload 6080 20164 C:\Users\DEUK MOSE\Documents\business\backend\business_portal\settings.py changed, reloading.
INFO 2025-11-14 20:17:46,995 autoreload 20168 23216 Watching for file changes with StatReloader
